Performing C SOURCE FILE Test CMAKE_HAVE_LIBC_PTHREAD failed with the following output:
Change Dir: D:/Visual Studio Project/Pionner/out/build/x64-debug/CMakeFiles/CMakeTmp

Run Build Command(s):D:\VISUALSTUDIO2022\COMMON7\IDE\COMMONEXTENSIONS\MICROSOFT\CMAKE\Ninja\ninja.exe cmTC_d1a4b && [1/2] Building C object CMakeFiles\cmTC_d1a4b.dir\src.c.obj
FAILED: CMakeFiles/cmTC_d1a4b.dir/src.c.obj 
D:\VisualStudio2022\VC\Tools\MSVC\14.34.31933\bin\Hostx64\x64\cl.exe  /nologo -DCMAKE_HAVE_LIBC_PTHREAD  /DWIN32 /D_WINDOWS /W3  /MDd /Zi /Ob0 /Od /RTC1 /showIncludes /FoCMakeFiles\cmTC_d1a4b.dir\src.c.obj /FdCMakeFiles\cmTC_d1a4b.dir\ /FS -c "D:\Visual Studio Project\Pionner\out\build\x64-debug\CMakeFiles\CMakeTmp\src.c"
D:\Visual Studio Project\Pionner\out\build\x64-debug\CMakeFiles\CMakeTmp\src.c(1): fatal error C1083: 无法打开包括文件: “pthread.h”: No such file or directory
ninja: build stopped: subcommand failed.


Source file was:
#include <pthread.h>

static void* test_func(void* data)
{
  return data;
}

int main(void)
{
  pthread_t thread;
  pthread_create(&thread, NULL, test_func, NULL);
  pthread_detach(thread);
  pthread_cancel(thread);
  pthread_join(thread, NULL);
  pthread_atfork(NULL, NULL, NULL);
  pthread_exit(NULL);

  return 0;
}

Determining if the function pthread_create exists in the pthreads failed with the following output:
Change Dir: D:/Visual Studio Project/Pionner/out/build/x64-debug/CMakeFiles/CMakeTmp

Run Build Command(s):D:\VISUALSTUDIO2022\COMMON7\IDE\COMMONEXTENSIONS\MICROSOFT\CMAKE\Ninja\ninja.exe cmTC_02632 && [1/2] Building C object CMakeFiles\cmTC_02632.dir\CheckFunctionExists.c.obj
[2/2] Linking C executable cmTC_02632.exe
FAILED: cmTC_02632.exe 
cmd.exe /C "cd . && D:\VisualStudio2022\Common7\IDE\CommonExtensions\Microsoft\CMake\CMake\bin\cmake.exe -E vs_link_exe --intdir=CMakeFiles\cmTC_02632.dir --rc="D:\Windows Kits\10\bin\10.0.22000.0\x64\rc.exe" --mt="D:\Windows Kits\10\bin\10.0.22000.0\x64\mt.exe" --manifests  -- D:\VisualStudio2022\VC\Tools\MSVC\14.34.31933\bin\Hostx64\x64\link.exe /nologo CMakeFiles\cmTC_02632.dir\CheckFunctionExists.c.obj  /out:cmTC_02632.exe /implib:cmTC_02632.lib /pdb:cmTC_02632.pdb /version:0.0 /machine:x64  /debug /INCREMENTAL /subsystem:console  pthreads.lib  kernel32.lib user32.lib gdi32.lib winspool.lib shell32.lib ole32.lib oleaut32.lib uuid.lib comdlg32.lib advapi32.lib && cd ."
LINK Pass 1: command "D:\VisualStudio2022\VC\Tools\MSVC\14.34.31933\bin\Hostx64\x64\link.exe /nologo CMakeFiles\cmTC_02632.dir\CheckFunctionExists.c.obj /out:cmTC_02632.exe /implib:cmTC_02632.lib /pdb:cmTC_02632.pdb /version:0.0 /machine:x64 /debug /INCREMENTAL /subsystem:console pthreads.lib kernel32.lib user32.lib gdi32.lib winspool.lib shell32.lib ole32.lib oleaut32.lib uuid.lib comdlg32.lib advapi32.lib /MANIFEST /MANIFESTFILE:CMakeFiles\cmTC_02632.dir/intermediate.manifest CMakeFiles\cmTC_02632.dir/manifest.res" failed (exit code 1104) with the following output:
LINK : fatal error LNK1104: 无法打开文件“pthreads.lib”
ninja: build stopped: subcommand failed.



Determining if the function pthread_create exists in the pthread failed with the following output:
Change Dir: D:/Visual Studio Project/Pionner/out/build/x64-debug/CMakeFiles/CMakeTmp

Run Build Command(s):D:\VISUALSTUDIO2022\COMMON7\IDE\COMMONEXTENSIONS\MICROSOFT\CMAKE\Ninja\ninja.exe cmTC_fd6fc && [1/2] Building C object CMakeFiles\cmTC_fd6fc.dir\CheckFunctionExists.c.obj
[2/2] Linking C executable cmTC_fd6fc.exe
FAILED: cmTC_fd6fc.exe 
cmd.exe /C "cd . && D:\VisualStudio2022\Common7\IDE\CommonExtensions\Microsoft\CMake\CMake\bin\cmake.exe -E vs_link_exe --intdir=CMakeFiles\cmTC_fd6fc.dir --rc="D:\Windows Kits\10\bin\10.0.22000.0\x64\rc.exe" --mt="D:\Windows Kits\10\bin\10.0.22000.0\x64\mt.exe" --manifests  -- D:\VisualStudio2022\VC\Tools\MSVC\14.34.31933\bin\Hostx64\x64\link.exe /nologo CMakeFiles\cmTC_fd6fc.dir\CheckFunctionExists.c.obj  /out:cmTC_fd6fc.exe /implib:cmTC_fd6fc.lib /pdb:cmTC_fd6fc.pdb /version:0.0 /machine:x64  /debug /INCREMENTAL /subsystem:console  pthread.lib  kernel32.lib user32.lib gdi32.lib winspool.lib shell32.lib ole32.lib oleaut32.lib uuid.lib comdlg32.lib advapi32.lib && cd ."
LINK Pass 1: command "D:\VisualStudio2022\VC\Tools\MSVC\14.34.31933\bin\Hostx64\x64\link.exe /nologo CMakeFiles\cmTC_fd6fc.dir\CheckFunctionExists.c.obj /out:cmTC_fd6fc.exe /implib:cmTC_fd6fc.lib /pdb:cmTC_fd6fc.pdb /version:0.0 /machine:x64 /debug /INCREMENTAL /subsystem:console pthread.lib kernel32.lib user32.lib gdi32.lib winspool.lib shell32.lib ole32.lib oleaut32.lib uuid.lib comdlg32.lib advapi32.lib /MANIFEST /MANIFESTFILE:CMakeFiles\cmTC_fd6fc.dir/intermediate.manifest CMakeFiles\cmTC_fd6fc.dir/manifest.res" failed (exit code 1104) with the following output:
LINK : fatal error LNK1104: 无法打开文件“pthread.lib”
ninja: build stopped: subcommand failed.



